# JRE version: OpenJDK Runtime Environment (8.0_242-b01) (build 1.8.0_242-release-1644-b01)
# Java VM: OpenJDK 64-Bit Server VM (25.242-b01 mixed mode windows-amd64 compressed oops)
Heap:
 PSYoungGen      total 564224K, used 445254K [0x00000000d5580000, 0x00000000ff380000, 0x0000000100000000)
  eden space 449536K, 87% used [0x00000000d5580000,0x00000000ed38b4a0,0x00000000f0c80000)
  from space 114688K, 47% used [0x00000000f0c80000,0x00000000f41465a0,0x00000000f7c80000)
  to   space 110592K, 0% used [0x00000000f8780000,0x00000000f8780000,0x00000000ff380000)
 ParOldGen       total 438784K, used 142874K [0x0000000080000000, 0x000000009ac80000, 0x00000000d5580000)
  object space 438784K, 32% used [0x0000000080000000,0x0000000088b86b80,0x000000009ac80000)
 Metaspace       used 259759K, capacity 270686K, committed 271192K, reserved 1288192K
  class space    used 31150K, capacity 33137K, committed 33152K, reserved 1048576K
GC Heap History (10 events):
Event: 7154.110 GC heap before
{Heap before GC invocations=43 (full 6):
 PSYoungGen      total 558592K, used 471530K [0x00000000d5580000, 0x00000000ffa00000, 0x0000000100000000)
  eden space 427520K, 100% used [0x00000000d5580000,0x00000000ef700000,0x00000000ef700000)
  from space 131072K, 33% used [0x00000000f7a00000,0x00000000fa4fab00,0x00000000ffa00000)
  to   space 132608K, 0% used [0x00000000ef700000,0x00000000ef700000,0x00000000f7880000)
 ParOldGen       total 438784K, used 142850K [0x0000000080000000, 0x000000009ac80000, 0x00000000d5580000)
  object space 438784K, 32% used [0x0000000080000000,0x0000000088b80b80,0x000000009ac80000)
 Metaspace       used 259167K, capacity 270004K, committed 270680K, reserved 1286144K
  class space    used 31106K, capacity 33062K, committed 33152K, reserved 1048576K
Event: 7154.205 GC heap after
Heap after GC invocations=43 (full 6):
 PSYoungGen      total 560128K, used 47756K [0x00000000d5580000, 0x00000000ffa80000, 0x0000000100000000)
  eden space 427520K, 0% used [0x00000000d5580000,0x00000000d5580000,0x00000000ef700000)
  from space 132608K, 36% used [0x00000000ef700000,0x00000000f25a33d0,0x00000000f7880000)
  to   space 129024K, 0% used [0x00000000f7c80000,0x00000000f7c80000,0x00000000ffa80000)
 ParOldGen       total 438784K, used 142858K [0x0000000080000000, 0x000000009ac80000, 0x00000000d5580000)
  object space 438784K, 32% used [0x0000000080000000,0x0000000088b82b80,0x000000009ac80000)
 Metaspace       used 259167K, capacity 270004K, committed 270680K, reserved 1286144K
  class space    used 31106K, capacity 33062K, committed 33152K, reserved 1048576K
}
Event: 7157.129 GC heap before
{Heap before GC invocations=44 (full 6):
 PSYoungGen      total 560128K, used 475276K [0x00000000d5580000, 0x00000000ffa80000, 0x0000000100000000)
  eden space 427520K, 100% used [0x00000000d5580000,0x00000000ef700000,0x00000000ef700000)
  from space 132608K, 36% used [0x00000000ef700000,0x00000000f25a33d0,0x00000000f7880000)
  to   space 129024K, 0% used [0x00000000f7c80000,0x00000000f7c80000,0x00000000ffa80000)
 ParOldGen       total 438784K, used 142858K [0x0000000080000000, 0x000000009ac80000, 0x00000000d5580000)
  object space 438784K, 32% used [0x0000000080000000,0x0000000088b82b80,0x000000009ac80000)
 Metaspace       used 259555K, capacity 270512K, committed 270936K, reserved 1288192K
  class space    used 31142K, capacity 33134K, committed 33152K, reserved 1048576K
Event: 7157.226 GC heap after
Heap after GC invocations=44 (full 6):
 PSYoungGen      total 558080K, used 55848K [0x00000000d5580000, 0x00000000ff280000, 0x0000000100000000)
  eden space 437248K, 0% used [0x00000000d5580000,0x00000000d5580000,0x00000000f0080000)
  from space 120832K, 46% used [0x00000000f7c80000,0x00000000fb30a3d0,0x00000000ff280000)
  to   space 123904K, 0% used [0x00000000f0080000,0x00000000f0080000,0x00000000f7980000)
 ParOldGen       total 438784K, used 142866K [0x0000000080000000, 0x000000009ac80000, 0x00000000d5580000)
  object space 438784K, 32% used [0x0000000080000000,0x0000000088b84b80,0x000000009ac80000)
 Metaspace       used 259555K, capacity 270512K, committed 270936K, reserved 1288192K
  class space    used 31142K, capacity 33134K, committed 33152K, reserved 1048576K
}
Event: 7159.220 GC heap before
{Heap before GC invocations=45 (full 6):
 PSYoungGen      total 558080K, used 493096K [0x00000000d5580000, 0x00000000ff280000, 0x0000000100000000)
  eden space 437248K, 100% used [0x00000000d5580000,0x00000000f0080000,0x00000000f0080000)
  from space 120832K, 46% used [0x00000000f7c80000,0x00000000fb30a3d0,0x00000000ff280000)
  to   space 123904K, 0% used [0x00000000f0080000,0x00000000f0080000,0x00000000f7980000)
 ParOldGen       total 438784K, used 142866K [0x0000000080000000, 0x000000009ac80000, 0x00000000d5580000)
  object space 438784K, 32% used [0x0000000080000000,0x0000000088b84b80,0x000000009ac80000)
 Metaspace       used 259632K, capacity 270596K, committed 270936K, reserved 1288192K
  class space    used 31149K, capacity 33136K, committed 33152K, reserved 1048576K
Event: 7159.287 GC heap after
Heap after GC invocations=45 (full 6):
 PSYoungGen      total 561152K, used 56387K [0x00000000d5580000, 0x00000000ff280000, 0x0000000100000000)
  eden space 437248K, 0% used [0x00000000d5580000,0x00000000d5580000,0x00000000f0080000)
  from space 123904K, 45% used [0x00000000f0080000,0x00000000f3790fb0,0x00000000f7980000)
  to   space 120832K, 0% used [0x00000000f7c80000,0x00000000f7c80000,0x00000000ff280000)
 ParOldGen       total 438784K, used 142866K [0x0000000080000000, 0x000000009ac80000, 0x00000000d5580000)
  object space 438784K, 32% used [0x0000000080000000,0x0000000088b84b80,0x000000009ac80000)
 Metaspace       used 259632K, capacity 270596K, committed 270936K, reserved 1288192K
  class space    used 31149K, capacity 33136K, committed 33152K, reserved 1048576K
}
Event: 7161.781 GC heap before
{Heap before GC invocations=46 (full 6):
 PSYoungGen      total 561152K, used 493635K [0x00000000d5580000, 0x00000000ff280000, 0x0000000100000000)
  eden space 437248K, 100% used [0x00000000d5580000,0x00000000f0080000,0x00000000f0080000)
  from space 123904K, 45% used [0x00000000f0080000,0x00000000f3790fb0,0x00000000f7980000)
  to   space 120832K, 0% used [0x00000000f7c80000,0x00000000f7c80000,0x00000000ff280000)
 ParOldGen       total 438784K, used 142866K [0x0000000080000000, 0x000000009ac80000, 0x00000000d5580000)
  object space 438784K, 32% used [0x0000000080000000,0x0000000088b84b80,0x000000009ac80000)
 Metaspace       used 259699K, capacity 270672K, committed 271192K, reserved 1288192K
  class space    used 31150K, capacity 33136K, committed 33152K, reserved 1048576K
Event: 7161.920 GC heap after
Heap after GC invocations=46 (full 6):
 PSYoungGen      total 568832K, used 51880K [0x00000000d5580000, 0x00000000ff100000, 0x0000000100000000)
  eden space 449536K, 0% used [0x00000000d5580000,0x00000000d5580000,0x00000000f0c80000)
  from space 119296K, 43% used [0x00000000f7c80000,0x00000000faf2a110,0x00000000ff100000)
  to   space 114688K, 0% used [0x00000000f0c80000,0x00000000f0c80000,0x00000000f7c80000)
 ParOldGen       total 438784K, used 142874K [0x0000000080000000, 0x000000009ac80000, 0x00000000d5580000)
  object space 438784K, 32% used [0x0000000080000000,0x0000000088b86b80,0x000000009ac80000)
 Metaspace       used 259699K, capacity 270672K, committed 271192K, reserved 1288192K
  class space    used 31150K, capacity 33136K, committed 33152K, reserved 1048576K
}
Event: 7164.425 GC heap before
{Heap before GC invocations=47 (full 6):
 PSYoungGen      total 568832K, used 501416K [0x00000000d5580000, 0x00000000ff100000, 0x0000000100000000)
  eden space 449536K, 100% used [0x00000000d5580000,0x00000000f0c80000,0x00000000f0c80000)
  from space 119296K, 43% used [0x00000000f7c80000,0x00000000faf2a110,0x00000000ff100000)
  to   space 114688K, 0% used [0x00000000f0c80000,0x00000000f0c80000,0x00000000f7c80000)
 ParOldGen       total 438784K, used 142874K [0x0000000080000000, 0x000000009ac80000, 0x00000000d5580000)
  object space 438784K, 32% used [0x0000000080000000,0x0000000088b86b80,0x000000009ac80000)
 Metaspace       used 259722K, capacity 270676K, committed 271192K, reserved 1288192K
  class space    used 31150K, capacity 33136K, committed 33152K, reserved 1048576K
Event: 7164.509 GC heap after
Heap after GC invocations=47 (full 6):
 PSYoungGen      total 564224K, used 54041K [0x00000000d5580000, 0x00000000ff380000, 0x0000000100000000)
  eden space 449536K, 0% used [0x00000000d5580000,0x00000000d5580000,0x00000000f0c80000)
  from space 114688K, 47% used [0x00000000f0c80000,0x00000000f41465a0,0x00000000f7c80000)
  to   space 110592K, 0% used [0x00000000f8780000,0x00000000f8780000,0x00000000ff380000)
 ParOldGen       total 438784K, used 142874K [0x0000000080000000, 0x000000009ac80000, 0x00000000d5580000)
  object space 438784K, 32% used [0x0000000080000000,0x0000000088b86b80,0x000000009ac80000)
 Metaspace       used 259722K, capacity 270676K, committed 271192K, reserved 1288192K
  class space    used 31150K, capacity 33136K, committed 33152K, reserved 1048576K
}

