# JRE version: OpenJDK Runtime Environment (8.0_242-b01) (build 1.8.0_242-release-1644-b01)
# Java VM: OpenJDK 64-Bit Server VM (25.242-b01 mixed mode windows-amd64 compressed oops)
Heap:
 PSYoungGen      total 373760K, used 267539K [0x00000000d5580000, 0x00000000f3000000, 0x0000000100000000)
  eden space 324096K, 78% used [0x00000000d5580000,0x00000000e4ee0cb0,0x00000000e9200000)
  from space 49664K, 24% used [0x00000000ec180000,0x00000000ecd64030,0x00000000ef200000)
  to   space 48640K, 0% used [0x00000000e9200000,0x00000000e9200000,0x00000000ec180000)
 ParOldGen       total 274432K, used 46002K [0x0000000080000000, 0x0000000090c00000, 0x00000000d5580000)
  object space 274432K, 16% used [0x0000000080000000,0x0000000082cecad8,0x0000000090c00000)
 Metaspace       used 103747K, capacity 108126K, committed 109016K, reserved 1144832K
  class space    used 13472K, capacity 14354K, committed 14592K, reserved 1048576K
GC Heap History (10 events):
Event: 47.211 GC heap before
{Heap before GC invocations=16 (full 3):
 PSYoungGen      total 294912K, used 294905K [0x00000000d5580000, 0x00000000ea300000, 0x0000000100000000)
  eden space 267264K, 100% used [0x00000000d5580000,0x00000000e5a80000,0x00000000e5a80000)
  from space 27648K, 99% used [0x00000000e7a80000,0x00000000e957e410,0x00000000e9580000)
  to   space 32768K, 0% used [0x00000000e5a80000,0x00000000e5a80000,0x00000000e7a80000)
 ParOldGen       total 203776K, used 39282K [0x0000000080000000, 0x000000008c700000, 0x00000000d5580000)
  object space 203776K, 19% used [0x0000000080000000,0x000000008265ca30,0x000000008c700000)
 Metaspace       used 87703K, capacity 91814K, committed 92120K, reserved 1128448K
  class space    used 11635K, capacity 12490K, committed 12544K, reserved 1048576K
Event: 47.272 GC heap after
Heap after GC invocations=16 (full 3):
 PSYoungGen      total 300032K, used 32763K [0x00000000d5580000, 0x00000000eea80000, 0x0000000100000000)
  eden space 267264K, 0% used [0x00000000d5580000,0x00000000d5580000,0x00000000e5a80000)
  from space 32768K, 99% used [0x00000000e5a80000,0x00000000e7a7ee88,0x00000000e7a80000)
  to   space 44032K, 0% used [0x00000000ebf80000,0x00000000ebf80000,0x00000000eea80000)
 ParOldGen       total 203776K, used 57643K [0x0000000080000000, 0x000000008c700000, 0x00000000d5580000)
  object space 203776K, 28% used [0x0000000080000000,0x000000008384af30,0x000000008c700000)
 Metaspace       used 87703K, capacity 91814K, committed 92120K, reserved 1128448K
  class space    used 11635K, capacity 12490K, committed 12544K, reserved 1048576K
}
Event: 5391.194 GC heap before
{Heap before GC invocations=17 (full 3):
 PSYoungGen      total 300032K, used 300027K [0x00000000d5580000, 0x00000000eea80000, 0x0000000100000000)
  eden space 267264K, 100% used [0x00000000d5580000,0x00000000e5a80000,0x00000000e5a80000)
  from space 32768K, 99% used [0x00000000e5a80000,0x00000000e7a7ee88,0x00000000e7a80000)
  to   space 44032K, 0% used [0x00000000ebf80000,0x00000000ebf80000,0x00000000eea80000)
 ParOldGen       total 203776K, used 57643K [0x0000000080000000, 0x000000008c700000, 0x00000000d5580000)
  object space 203776K, 28% used [0x0000000080000000,0x000000008384af30,0x000000008c700000)
 Metaspace       used 91596K, capacity 96068K, committed 96088K, reserved 1132544K
  class space    used 12019K, capacity 12925K, committed 12928K, reserved 1048576K
Event: 5391.268 GC heap after
Heap after GC invocations=17 (full 3):
 PSYoungGen      total 295424K, used 36128K [0x00000000d5580000, 0x00000000ee300000, 0x0000000100000000)
  eden space 259072K, 0% used [0x00000000d5580000,0x00000000d5580000,0x00000000e5280000)
  from space 36352K, 99% used [0x00000000ebf80000,0x00000000ee2c83d8,0x00000000ee300000)
  to   space 48128K, 0% used [0x00000000e8500000,0x00000000e8500000,0x00000000eb400000)
 ParOldGen       total 203776K, used 57651K [0x0000000080000000, 0x000000008c700000, 0x00000000d5580000)
  object space 203776K, 28% used [0x0000000080000000,0x000000008384cf30,0x000000008c700000)
 Metaspace       used 91596K, capacity 96068K, committed 96088K, reserved 1132544K
  class space    used 12019K, capacity 12925K, committed 12928K, reserved 1048576K
}
Event: 5392.484 GC heap before
{Heap before GC invocations=18 (full 3):
 PSYoungGen      total 295424K, used 81505K [0x00000000d5580000, 0x00000000ee300000, 0x0000000100000000)
  eden space 259072K, 17% used [0x00000000d5580000,0x00000000d81d0410,0x00000000e5280000)
  from space 36352K, 99% used [0x00000000ebf80000,0x00000000ee2c83d8,0x00000000ee300000)
  to   space 48128K, 0% used [0x00000000e8500000,0x00000000e8500000,0x00000000eb400000)
 ParOldGen       total 203776K, used 57651K [0x0000000080000000, 0x000000008c700000, 0x00000000d5580000)
  object space 203776K, 28% used [0x0000000080000000,0x000000008384cf30,0x000000008c700000)
 Metaspace       used 93779K, capacity 98196K, committed 98380K, reserved 1134592K
  class space    used 12305K, capacity 13225K, committed 13312K, reserved 1048576K
Event: 5392.519 GC heap after
Heap after GC invocations=18 (full 3):
 PSYoungGen      total 358912K, used 32526K [0x00000000d5580000, 0x00000000ef200000, 0x0000000100000000)
  eden space 310784K, 0% used [0x00000000d5580000,0x00000000d5580000,0x00000000e8500000)
  from space 48128K, 67% used [0x00000000e8500000,0x00000000ea4c3b00,0x00000000eb400000)
  to   space 49664K, 0% used [0x00000000ec180000,0x00000000ec180000,0x00000000ef200000)
 ParOldGen       total 203776K, used 57659K [0x0000000080000000, 0x000000008c700000, 0x00000000d5580000)
  object space 203776K, 28% used [0x0000000080000000,0x000000008384ef30,0x000000008c700000)
 Metaspace       used 93779K, capacity 98196K, committed 98380K, reserved 1134592K
  class space    used 12305K, capacity 13225K, committed 13312K, reserved 1048576K
}
Event: 5392.519 GC heap before
{Heap before GC invocations=19 (full 4):
 PSYoungGen      total 358912K, used 32526K [0x00000000d5580000, 0x00000000ef200000, 0x0000000100000000)
  eden space 310784K, 0% used [0x00000000d5580000,0x00000000d5580000,0x00000000e8500000)
  from space 48128K, 67% used [0x00000000e8500000,0x00000000ea4c3b00,0x00000000eb400000)
  to   space 49664K, 0% used [0x00000000ec180000,0x00000000ec180000,0x00000000ef200000)
 ParOldGen       total 203776K, used 57659K [0x0000000080000000, 0x000000008c700000, 0x00000000d5580000)
  object space 203776K, 28% used [0x0000000080000000,0x000000008384ef30,0x000000008c700000)
 Metaspace       used 93779K, capacity 98196K, committed 98380K, reserved 1134592K
  class space    used 12305K, capacity 13225K, committed 13312K, reserved 1048576K
Event: 5392.829 GC heap after
Heap after GC invocations=19 (full 4):
 PSYoungGen      total 358912K, used 0K [0x00000000d5580000, 0x00000000ef200000, 0x0000000100000000)
  eden space 310784K, 0% used [0x00000000d5580000,0x00000000d5580000,0x00000000e8500000)
  from space 48128K, 0% used [0x00000000e8500000,0x00000000e8500000,0x00000000eb400000)
  to   space 49664K, 0% used [0x00000000ec180000,0x00000000ec180000,0x00000000ef200000)
 ParOldGen       total 274432K, used 45994K [0x0000000080000000, 0x0000000090c00000, 0x00000000d5580000)
  object space 274432K, 16% used [0x0000000080000000,0x0000000082ceaad8,0x0000000090c00000)
 Metaspace       used 92717K, capacity 96248K, committed 98380K, reserved 1134592K
  class space    used 12095K, capacity 12842K, committed 13312K, reserved 1048576K
}
Event: 5412.202 GC heap before
{Heap before GC invocations=20 (full 4):
 PSYoungGen      total 358912K, used 310784K [0x00000000d5580000, 0x00000000ef200000, 0x0000000100000000)
  eden space 310784K, 100% used [0x00000000d5580000,0x00000000e8500000,0x00000000e8500000)
  from space 48128K, 0% used [0x00000000e8500000,0x00000000e8500000,0x00000000eb400000)
  to   space 49664K, 0% used [0x00000000ec180000,0x00000000ec180000,0x00000000ef200000)
 ParOldGen       total 274432K, used 45994K [0x0000000080000000, 0x0000000090c00000, 0x00000000d5580000)
  object space 274432K, 16% used [0x0000000080000000,0x0000000082ceaad8,0x0000000090c00000)
 Metaspace       used 96501K, capacity 100534K, committed 101976K, reserved 1138688K
  class space    used 12551K, capacity 13393K, committed 13696K, reserved 1048576K
Event: 5412.225 GC heap after
Heap after GC invocations=20 (full 4):
 PSYoungGen      total 373760K, used 12176K [0x00000000d5580000, 0x00000000f3000000, 0x0000000100000000)
  eden space 324096K, 0% used [0x00000000d5580000,0x00000000d5580000,0x00000000e9200000)
  from space 49664K, 24% used [0x00000000ec180000,0x00000000ecd64030,0x00000000ef200000)
  to   space 48640K, 0% used [0x00000000e9200000,0x00000000e9200000,0x00000000ec180000)
 ParOldGen       total 274432K, used 46002K [0x0000000080000000, 0x0000000090c00000, 0x00000000d5580000)
  object space 274432K, 16% used [0x0000000080000000,0x0000000082cecad8,0x0000000090c00000)
 Metaspace       used 96501K, capacity 100534K, committed 101976K, reserved 1138688K
  class space    used 12551K, capacity 13393K, committed 13696K, reserved 1048576K
}

